<?xml version="1.0" encoding="UTF-8"?>
<TestRun id="ef50aaae-dbe8-4752-b4e7-a9ad71b33c66" name="Morphious@XENIOUS 2012-09-21 02:29:39" runUser="XENIOUS\Morphious" xmlns="http://microsoft.com/schemas/VisualStudio/TeamTest/2010">
  <TestSettings name="Default Test Settings" id="8ea907f7-629d-4d20-80be-ae251f66fb53">
    <Deployment runDeploymentRoot="Morphious_XENIOUS 2012-09-21 02_29_39">
      <DeploymentItem filename="C:\Users\Morphious\Desktop\Ewok.Machine\Ewok.Machine\bin\Debug\Ewok.Machine.Common.dll" />
      <DeploymentItem filename="C:\Users\Morphious\Desktop\Ewok.Machine\Ewok.Machine.Emu\bin\Debug\Ewok.exe" />
      <DeploymentItem filename="C:\Users\Morphious\Desktop\Ewok.Machine\Ewok.Machine.ProcessingUnit.6811\bin\Debug\Ewok.Machine.ProcessingUnit.6811.dll" />
      <DeploymentItem filename="C:\Users\Morphious\Desktop\Ewok.Machine\Ewok.Machine.Dasm\bin\Debug\Ewok.Machine.Dasm.S19.dll" />
      <DeploymentItem filename="C:\Users\Morphious\Desktop\Ewok.Machine\Ewok.Machine.Debug\bin\Debug\Ewok.Machine.Debug.dll" />
      <DeploymentItem filename="C:\Users\Morphious\Desktop\Ewok.Machine\Ewok.Machine.Common.ProcessingUnit\bin\Debug\Ewok.Machine.Common.ProcessingUnit.dll" />
      <DeploymentItem filename="C:\Users\Morphious\Desktop\Ewok.Machine\Ewok.Machine.Asm.S19\bin\Debug\Ewok.Machine.Asm.S19.exe" />
    </Deployment>
    <Execution>
      <TestTypeSpecific />
      <AgentRule name="Execution Agents">
      </AgentRule>
    </Execution>
  </TestSettings>
  <Times creation="2012-09-21T02:29:39.9225674+10:00" queuing="2012-09-21T02:29:41.9606840+10:00" start="2012-09-21T02:29:42.1476947+10:00" finish="2012-09-21T02:30:25.7851906+10:00" />
  <ResultSummary outcome="Error">
    <Counters total="10" executed="7" passed="6" error="0" failed="0" timeout="0" aborted="1" inconclusive="0" passedButRunAborted="0" notRunnable="0" notExecuted="3" disconnected="0" warning="0" completed="0" inProgress="0" pending="0" />
    <RunInfos>
      <RunInfo computerName="XENIOUS" outcome="Error" timestamp="2012-09-21T02:30:25.3341648+10:00">
        <Text>One of the background threads threw exception: 
System.Exception: [c007] Operand '$c00e' a 32 bit value, must be a 16 bit or 8 bit value. Since the operation implies extended addressing
   at Ewok.Machine.Dasm.S19.ParserS19.aquireMethodParameters(CommonOperation op, Object[]&amp; methodParameters) in C:\Users\Morphious\Desktop\Ewok.Machine\Ewok.Machine.Dasm\ParserS19.cs:line 548
   at Ewok.Machine.Dasm.S19.ParserS19.&lt;&gt;c__DisplayClass8.&lt;buildInstructionMethodReference&gt;b__3() in C:\Users\Morphious\Desktop\Ewok.Machine\Ewok.Machine.Dasm\ParserS19.cs:line 487
   at Ewok.M68HC11.CPU.Operation.Operation.Invoke() in C:\Users\Morphious\Desktop\Ewok.Machine\Ewok.Machine.ProcessingUnit.6811\MPU\Operation\Operation.cs:line 89
   at Ewok.Machine.Common.ProcessingUnit.ProcessingUnit.cycle() in C:\Users\Morphious\Desktop\Ewok.Machine\Ewok.Machine.Common.ProcessingUnit\ProcessingUnit.cs:line 108
   at Ewok.Machine.Common.ProcessingUnit.ProcessingUnit.&lt;init&gt;b__0() in C:\Users\Morphious\Desktop\Ewok.Machine\Ewok.Machine.Common.ProcessingUnit\ProcessingUnit.cs:line 58
   at System.Threading.ThreadHelper.ThreadStart_Context(Object state)
   at System.Threading.ExecutionContext.runTryCode(Object userData)
   at System.Runtime.CompilerServices.RuntimeHelpers.ExecuteCodeWithGuaranteedCleanup(TryCode code, CleanupCode backoutCode, Object userData)
   at System.Threading.ExecutionContext.RunInternal(ExecutionContext executionContext, ContextCallback callback, Object state)
   at System.Threading.ExecutionContext.Run(ExecutionContext executionContext, ContextCallback callback, Object state, Boolean ignoreSyncCtx)
   at System.Threading.ExecutionContext.Run(ExecutionContext executionContext, ContextCallback callback, Object state)
   at System.Threading.ThreadHelper.ThreadStart()</Text>
      </RunInfo>
      <RunInfo computerName="XENIOUS" outcome="Error" timestamp="2012-09-21T02:30:25.7791903+10:00">
        <Text>Test host process exited unexpectedly.</Text>
      </RunInfo>
    </RunInfos>
  </ResultSummary>
  <TestDefinitions>
    <UnitTest name="TestNegation" storage="c:\users\morphious\desktop\ewok.machine\ewok.machine.emu.lang.test\bin\debug\ewok.lang.test.dll" id="b9927f32-cda0-db75-0e8b-87ab650d827a">
      <Execution id="da7e71e9-5562-47f3-9fa2-f608497ee4dd" />
      <TestMethod codeBase="C:/Users/Morphious/Desktop/Ewok.Machine/Ewok.Machine.Emu.Lang.Test/bin/Debug/Ewok.Lang.Test.DLL" adapterTypeName="Microsoft.VisualStudio.TestTools.TestTypes.Unit.UnitTestAdapter, Microsoft.VisualStudio.QualityTools.Tips.UnitTest.Adapter, Version=10.0.0.0, Culture=neutral, PublicKeyToken=b03f5f7f11d50a3a" className="Ewok.Lang.Test.Lang_6811, Ewok.Lang.Test, Version=1.0.0.0, Culture=neutral, PublicKeyToken=null" name="TestNegation" />
    </UnitTest>
    <UnitTest name="TestSubroutines" storage="c:\users\morphious\desktop\ewok.machine\ewok.machine.emu.lang.test\bin\debug\ewok.lang.test.dll" id="782bdfc9-8d74-34ac-8bfd-04daa972eddd">
      <Execution id="41f6cdf3-fa13-4a46-acfa-3e44b325c919" />
      <TestMethod codeBase="C:/Users/Morphious/Desktop/Ewok.Machine/Ewok.Machine.Emu.Lang.Test/bin/Debug/Ewok.Lang.Test.DLL" adapterTypeName="Microsoft.VisualStudio.TestTools.TestTypes.Unit.UnitTestAdapter, Microsoft.VisualStudio.QualityTools.Tips.UnitTest.Adapter, Version=10.0.0.0, Culture=neutral, PublicKeyToken=b03f5f7f11d50a3a" className="Ewok.Lang.Test.Lang_6811, Ewok.Lang.Test, Version=1.0.0.0, Culture=neutral, PublicKeyToken=null" name="TestSubroutines" />
    </UnitTest>
    <UnitTest name="TestJumping" storage="c:\users\morphious\desktop\ewok.machine\ewok.machine.emu.lang.test\bin\debug\ewok.lang.test.dll" id="d06a1aa4-2d1c-851a-72a4-3aa3d8922a30">
      <Execution id="dc26978a-bb15-48fc-8ce1-f5b0f46b1515" />
      <TestMethod codeBase="C:/Users/Morphious/Desktop/Ewok.Machine/Ewok.Machine.Emu.Lang.Test/bin/Debug/Ewok.Lang.Test.DLL" adapterTypeName="Microsoft.VisualStudio.TestTools.TestTypes.Unit.UnitTestAdapter, Microsoft.VisualStudio.QualityTools.Tips.UnitTest.Adapter, Version=10.0.0.0, Culture=neutral, PublicKeyToken=b03f5f7f11d50a3a" className="Ewok.Lang.Test.Lang_6811, Ewok.Lang.Test, Version=1.0.0.0, Culture=neutral, PublicKeyToken=null" name="TestJumping" />
    </UnitTest>
    <UnitTest name="TestInterrupts" storage="c:\users\morphious\desktop\ewok.machine\ewok.machine.emu.lang.test\bin\debug\ewok.lang.test.dll" id="69198047-6440-1cd4-517e-1f4650bf925a">
      <Execution id="01f1e7b2-8639-47e1-9096-3e6fd25419a2" />
      <TestMethod codeBase="C:/Users/Morphious/Desktop/Ewok.Machine/Ewok.Machine.Emu.Lang.Test/bin/Debug/Ewok.Lang.Test.DLL" adapterTypeName="Microsoft.VisualStudio.TestTools.TestTypes.Unit.UnitTestAdapter, Microsoft.VisualStudio.QualityTools.Tips.UnitTest.Adapter, Version=10.0.0.0, Culture=neutral, PublicKeyToken=b03f5f7f11d50a3a" className="Ewok.Lang.Test.Lang_6811, Ewok.Lang.Test, Version=1.0.0.0, Culture=neutral, PublicKeyToken=null" name="TestInterrupts" />
    </UnitTest>
    <UnitTest name="TestLoadAccumulators" storage="c:\users\morphious\desktop\ewok.machine\ewok.machine.emu.lang.test\bin\debug\ewok.lang.test.dll" id="b9c0067a-4126-9aea-5754-0bf99f15bbe7">
      <Execution id="e50c5806-8203-467c-8c89-404186bf2827" />
      <TestMethod codeBase="C:/Users/Morphious/Desktop/Ewok.Machine/Ewok.Machine.Emu.Lang.Test/bin/Debug/Ewok.Lang.Test.DLL" adapterTypeName="Microsoft.VisualStudio.TestTools.TestTypes.Unit.UnitTestAdapter, Microsoft.VisualStudio.QualityTools.Tips.UnitTest.Adapter, Version=10.0.0.0, Culture=neutral, PublicKeyToken=b03f5f7f11d50a3a" className="Ewok.Lang.Test.Lang_6811, Ewok.Lang.Test, Version=1.0.0.0, Culture=neutral, PublicKeyToken=null" name="TestLoadAccumulators" />
    </UnitTest>
    <UnitTest name="TestLoadIndexRegisters" storage="c:\users\morphious\desktop\ewok.machine\ewok.machine.emu.lang.test\bin\debug\ewok.lang.test.dll" id="0be6db12-fd7a-792c-a953-d369c4213215">
      <Execution id="1a511be2-3c13-49c6-a620-5339e2f19a82" />
      <TestMethod codeBase="C:/Users/Morphious/Desktop/Ewok.Machine/Ewok.Machine.Emu.Lang.Test/bin/Debug/Ewok.Lang.Test.DLL" adapterTypeName="Microsoft.VisualStudio.TestTools.TestTypes.Unit.UnitTestAdapter, Microsoft.VisualStudio.QualityTools.Tips.UnitTest.Adapter, Version=10.0.0.0, Culture=neutral, PublicKeyToken=b03f5f7f11d50a3a" className="Ewok.Lang.Test.Lang_6811, Ewok.Lang.Test, Version=1.0.0.0, Culture=neutral, PublicKeyToken=null" name="TestLoadIndexRegisters" />
    </UnitTest>
    <UnitTest name="TestRAMOperations" storage="c:\users\morphious\desktop\ewok.machine\ewok.machine.emu.lang.test\bin\debug\ewok.lang.test.dll" id="22c13d98-ab81-f52d-893e-377b1c300f83">
      <Execution id="b84bf312-f623-430d-a741-0f22cdde3e5d" />
      <TestMethod codeBase="C:/Users/Morphious/Desktop/Ewok.Machine/Ewok.Machine.Emu.Lang.Test/bin/Debug/Ewok.Lang.Test.DLL" adapterTypeName="Microsoft.VisualStudio.TestTools.TestTypes.Unit.UnitTestAdapter, Microsoft.VisualStudio.QualityTools.Tips.UnitTest.Adapter, Version=10.0.0.0, Culture=neutral, PublicKeyToken=b03f5f7f11d50a3a" className="Ewok.Lang.Test.Lang_6811, Ewok.Lang.Test, Version=1.0.0.0, Culture=neutral, PublicKeyToken=null" name="TestRAMOperations" />
    </UnitTest>
    <UnitTest name="TestSubtraction" storage="c:\users\morphious\desktop\ewok.machine\ewok.machine.emu.lang.test\bin\debug\ewok.lang.test.dll" id="01ecdc32-ebea-8a1d-2d95-b8121f3d911b">
      <Execution id="2a21693e-2ff9-442f-b3e0-924fe43fa3f9" />
      <TestMethod codeBase="C:/Users/Morphious/Desktop/Ewok.Machine/Ewok.Machine.Emu.Lang.Test/bin/Debug/Ewok.Lang.Test.DLL" adapterTypeName="Microsoft.VisualStudio.TestTools.TestTypes.Unit.UnitTestAdapter, Microsoft.VisualStudio.QualityTools.Tips.UnitTest.Adapter, Version=10.0.0.0, Culture=neutral, PublicKeyToken=b03f5f7f11d50a3a" className="Ewok.Lang.Test.Lang_6811, Ewok.Lang.Test, Version=1.0.0.0, Culture=neutral, PublicKeyToken=null" name="TestSubtraction" />
    </UnitTest>
    <UnitTest name="TestAddition" storage="c:\users\morphious\desktop\ewok.machine\ewok.machine.emu.lang.test\bin\debug\ewok.lang.test.dll" id="87e98c1c-8de4-c15a-dd5d-ee3e8effbd88">
      <Execution id="7c3c2648-dddb-4e95-8d61-1c4c69197c90" />
      <TestMethod codeBase="C:/Users/Morphious/Desktop/Ewok.Machine/Ewok.Machine.Emu.Lang.Test/bin/Debug/Ewok.Lang.Test.DLL" adapterTypeName="Microsoft.VisualStudio.TestTools.TestTypes.Unit.UnitTestAdapter, Microsoft.VisualStudio.QualityTools.Tips.UnitTest.Adapter, Version=10.0.0.0, Culture=neutral, PublicKeyToken=b03f5f7f11d50a3a" className="Ewok.Lang.Test.Lang_6811, Ewok.Lang.Test, Version=1.0.0.0, Culture=neutral, PublicKeyToken=null" name="TestAddition" />
    </UnitTest>
    <UnitTest name="TestStackOperations" storage="c:\users\morphious\desktop\ewok.machine\ewok.machine.emu.lang.test\bin\debug\ewok.lang.test.dll" id="a1c85a3e-f83c-203f-656c-63047d98dd68">
      <Execution id="bc65ffb2-b8c2-43b9-b1d7-743d59f67e8c" />
      <TestMethod codeBase="C:/Users/Morphious/Desktop/Ewok.Machine/Ewok.Machine.Emu.Lang.Test/bin/Debug/Ewok.Lang.Test.DLL" adapterTypeName="Microsoft.VisualStudio.TestTools.TestTypes.Unit.UnitTestAdapter, Microsoft.VisualStudio.QualityTools.Tips.UnitTest.Adapter, Version=10.0.0.0, Culture=neutral, PublicKeyToken=b03f5f7f11d50a3a" className="Ewok.Lang.Test.Lang_6811, Ewok.Lang.Test, Version=1.0.0.0, Culture=neutral, PublicKeyToken=null" name="TestStackOperations" />
    </UnitTest>
  </TestDefinitions>
  <TestLists>
    <TestList name="Results Not in a List" id="8c84fa94-04c1-424b-9868-57a2d4851a1d" />
    <TestList name="All Loaded Results" id="19431567-8539-422a-85d7-44ee4e166bda" />
  </TestLists>
  <TestEntries>
    <TestEntry testId="b9c0067a-4126-9aea-5754-0bf99f15bbe7" executionId="e50c5806-8203-467c-8c89-404186bf2827" testListId="8c84fa94-04c1-424b-9868-57a2d4851a1d" />
    <TestEntry testId="0be6db12-fd7a-792c-a953-d369c4213215" executionId="1a511be2-3c13-49c6-a620-5339e2f19a82" testListId="8c84fa94-04c1-424b-9868-57a2d4851a1d" />
    <TestEntry testId="87e98c1c-8de4-c15a-dd5d-ee3e8effbd88" executionId="7c3c2648-dddb-4e95-8d61-1c4c69197c90" testListId="8c84fa94-04c1-424b-9868-57a2d4851a1d" />
    <TestEntry testId="01ecdc32-ebea-8a1d-2d95-b8121f3d911b" executionId="2a21693e-2ff9-442f-b3e0-924fe43fa3f9" testListId="8c84fa94-04c1-424b-9868-57a2d4851a1d" />
    <TestEntry testId="b9927f32-cda0-db75-0e8b-87ab650d827a" executionId="da7e71e9-5562-47f3-9fa2-f608497ee4dd" testListId="8c84fa94-04c1-424b-9868-57a2d4851a1d" />
    <TestEntry testId="d06a1aa4-2d1c-851a-72a4-3aa3d8922a30" executionId="dc26978a-bb15-48fc-8ce1-f5b0f46b1515" testListId="8c84fa94-04c1-424b-9868-57a2d4851a1d" />
    <TestEntry testId="782bdfc9-8d74-34ac-8bfd-04daa972eddd" executionId="41f6cdf3-fa13-4a46-acfa-3e44b325c919" testListId="8c84fa94-04c1-424b-9868-57a2d4851a1d" />
    <TestEntry testId="a1c85a3e-f83c-203f-656c-63047d98dd68" executionId="bc65ffb2-b8c2-43b9-b1d7-743d59f67e8c" testListId="8c84fa94-04c1-424b-9868-57a2d4851a1d" />
    <TestEntry testId="22c13d98-ab81-f52d-893e-377b1c300f83" executionId="b84bf312-f623-430d-a741-0f22cdde3e5d" testListId="8c84fa94-04c1-424b-9868-57a2d4851a1d" />
    <TestEntry testId="69198047-6440-1cd4-517e-1f4650bf925a" executionId="01f1e7b2-8639-47e1-9096-3e6fd25419a2" testListId="8c84fa94-04c1-424b-9868-57a2d4851a1d" />
  </TestEntries>
  <Results>
    <UnitTestResult executionId="e50c5806-8203-467c-8c89-404186bf2827" testId="b9c0067a-4126-9aea-5754-0bf99f15bbe7" testName="TestLoadAccumulators" computerName="XENIOUS" duration="00:00:00.1262632" startTime="2012-09-21T02:29:42.2717018+10:00" endTime="2012-09-21T02:29:44.2838169+10:00" testType="13cdc9d9-ddb5-4fa4-a97d-d965ccfc6d4b" outcome="Passed" testListId="8c84fa94-04c1-424b-9868-57a2d4851a1d" relativeResultsDirectory="e50c5806-8203-467c-8c89-404186bf2827">
    </UnitTestResult>
    <UnitTestResult executionId="1a511be2-3c13-49c6-a620-5339e2f19a82" testId="0be6db12-fd7a-792c-a953-d369c4213215" testName="TestLoadIndexRegisters" computerName="XENIOUS" duration="00:00:00.1748036" startTime="2012-09-21T02:29:44.2988177+10:00" endTime="2012-09-21T02:29:44.4858284+10:00" testType="13cdc9d9-ddb5-4fa4-a97d-d965ccfc6d4b" outcome="Passed" testListId="8c84fa94-04c1-424b-9868-57a2d4851a1d" relativeResultsDirectory="1a511be2-3c13-49c6-a620-5339e2f19a82">
    </UnitTestResult>
    <UnitTestResult executionId="7c3c2648-dddb-4e95-8d61-1c4c69197c90" testId="87e98c1c-8de4-c15a-dd5d-ee3e8effbd88" testName="TestAddition" computerName="XENIOUS" duration="00:00:00.1539734" startTime="2012-09-21T02:29:44.4978291+10:00" endTime="2012-09-21T02:29:44.6618385+10:00" testType="13cdc9d9-ddb5-4fa4-a97d-d965ccfc6d4b" outcome="Passed" testListId="8c84fa94-04c1-424b-9868-57a2d4851a1d" relativeResultsDirectory="7c3c2648-dddb-4e95-8d61-1c4c69197c90">
    </UnitTestResult>
    <UnitTestResult executionId="2a21693e-2ff9-442f-b3e0-924fe43fa3f9" testId="01ecdc32-ebea-8a1d-2d95-b8121f3d911b" testName="TestSubtraction" computerName="XENIOUS" duration="00:00:00.0852328" startTime="2012-09-21T02:29:44.6748392+10:00" endTime="2012-09-21T02:29:44.7678445+10:00" testType="13cdc9d9-ddb5-4fa4-a97d-d965ccfc6d4b" outcome="Passed" testListId="8c84fa94-04c1-424b-9868-57a2d4851a1d" relativeResultsDirectory="2a21693e-2ff9-442f-b3e0-924fe43fa3f9">
    </UnitTestResult>
    <UnitTestResult executionId="da7e71e9-5562-47f3-9fa2-f608497ee4dd" testId="b9927f32-cda0-db75-0e8b-87ab650d827a" testName="TestNegation" computerName="XENIOUS" duration="00:00:00.0573784" startTime="2012-09-21T02:29:44.7818453+10:00" endTime="2012-09-21T02:29:44.8478491+10:00" testType="13cdc9d9-ddb5-4fa4-a97d-d965ccfc6d4b" outcome="Passed" testListId="8c84fa94-04c1-424b-9868-57a2d4851a1d" relativeResultsDirectory="da7e71e9-5562-47f3-9fa2-f608497ee4dd">
    </UnitTestResult>
    <UnitTestResult executionId="dc26978a-bb15-48fc-8ce1-f5b0f46b1515" testId="d06a1aa4-2d1c-851a-72a4-3aa3d8922a30" testName="TestJumping" computerName="XENIOUS" duration="00:00:00.0623700" startTime="2012-09-21T02:29:44.9068525+10:00" endTime="2012-09-21T02:29:45.1478663+10:00" testType="13cdc9d9-ddb5-4fa4-a97d-d965ccfc6d4b" outcome="Passed" testListId="8c84fa94-04c1-424b-9868-57a2d4851a1d" relativeResultsDirectory="dc26978a-bb15-48fc-8ce1-f5b0f46b1515">
    </UnitTestResult>
    <UnitTestResult executionId="41f6cdf3-fa13-4a46-acfa-3e44b325c919" testId="782bdfc9-8d74-34ac-8bfd-04daa972eddd" testName="TestSubroutines" computerName="XENIOUS" duration="00:00:40.6103227" startTime="2012-09-21T02:29:45.1738678+10:00" endTime="2012-09-21T02:30:25.7841905+10:00" testType="13cdc9d9-ddb5-4fa4-a97d-d965ccfc6d4b" outcome="Aborted" testListId="8c84fa94-04c1-424b-9868-57a2d4851a1d" relativeResultsDirectory="41f6cdf3-fa13-4a46-acfa-3e44b325c919">
    </UnitTestResult>
    <UnitTestResult executionId="bc65ffb2-b8c2-43b9-b1d7-743d59f67e8c" testId="a1c85a3e-f83c-203f-656c-63047d98dd68" testName="TestStackOperations" computerName="XENIOUS" testType="13cdc9d9-ddb5-4fa4-a97d-d965ccfc6d4b" outcome="NotExecuted" testListId="8c84fa94-04c1-424b-9868-57a2d4851a1d" relativeResultsDirectory="bc65ffb2-b8c2-43b9-b1d7-743d59f67e8c">
    </UnitTestResult>
    <UnitTestResult executionId="b84bf312-f623-430d-a741-0f22cdde3e5d" testId="22c13d98-ab81-f52d-893e-377b1c300f83" testName="TestRAMOperations" computerName="XENIOUS" testType="13cdc9d9-ddb5-4fa4-a97d-d965ccfc6d4b" outcome="NotExecuted" testListId="8c84fa94-04c1-424b-9868-57a2d4851a1d" relativeResultsDirectory="b84bf312-f623-430d-a741-0f22cdde3e5d">
    </UnitTestResult>
    <UnitTestResult executionId="01f1e7b2-8639-47e1-9096-3e6fd25419a2" testId="69198047-6440-1cd4-517e-1f4650bf925a" testName="TestInterrupts" computerName="XENIOUS" testType="13cdc9d9-ddb5-4fa4-a97d-d965ccfc6d4b" outcome="NotExecuted" testListId="8c84fa94-04c1-424b-9868-57a2d4851a1d" relativeResultsDirectory="01f1e7b2-8639-47e1-9096-3e6fd25419a2">
    </UnitTestResult>
  </Results>
</TestRun>