<?xml version="1.0" encoding="UTF-8"?>
<TestRun id="b481a0be-814d-474c-8375-819499b4640f" name="Morphious@XENIOUS 2012-09-21 03:00:16" runUser="XENIOUS\Morphious" xmlns="http://microsoft.com/schemas/VisualStudio/TeamTest/2010">
  <TestSettings name="Default Test Settings" id="79e7d389-822a-4847-84e6-ea8437db0edd">
    <Deployment runDeploymentRoot="Morphious_XENIOUS 2012-09-21 03_00_16">
      <DeploymentItem filename="C:\Users\Morphious\Desktop\Ewok.Machine\Ewok.Machine\bin\Debug\Ewok.Machine.Common.dll" />
      <DeploymentItem filename="C:\Users\Morphious\Desktop\Ewok.Machine\Ewok.Machine.Emu\bin\Debug\Ewok.exe" />
      <DeploymentItem filename="C:\Users\Morphious\Desktop\Ewok.Machine\Ewok.Machine.ProcessingUnit.6811\bin\Debug\Ewok.Machine.ProcessingUnit.6811.dll" />
      <DeploymentItem filename="C:\Users\Morphious\Desktop\Ewok.Machine\Ewok.Machine.Dasm\bin\Debug\Ewok.Machine.Dasm.S19.dll" />
      <DeploymentItem filename="C:\Users\Morphious\Desktop\Ewok.Machine\Ewok.Machine.Debug\bin\Debug\Ewok.Machine.Debug.dll" />
      <DeploymentItem filename="C:\Users\Morphious\Desktop\Ewok.Machine\Ewok.Machine.Common.ProcessingUnit\bin\Debug\Ewok.Machine.Common.ProcessingUnit.dll" />
      <DeploymentItem filename="C:\Users\Morphious\Desktop\Ewok.Machine\Ewok.Machine.Asm.S19\bin\Debug\Ewok.Machine.Asm.S19.exe" />
    </Deployment>
    <Execution>
      <TestTypeSpecific />
      <AgentRule name="Execution Agents">
      </AgentRule>
    </Execution>
  </TestSettings>
  <Times creation="2012-09-21T03:00:16.3806068+10:00" queuing="2012-09-21T03:00:18.1487079+10:00" start="2012-09-21T03:00:18.3227179+10:00" finish="2012-09-21T03:01:07.5955361+10:00" />
  <ResultSummary outcome="Error">
    <Counters total="10" executed="9" passed="8" error="0" failed="0" timeout="0" aborted="1" inconclusive="0" passedButRunAborted="0" notRunnable="0" notExecuted="1" disconnected="0" warning="0" completed="0" inProgress="0" pending="0" />
    <RunInfos>
      <RunInfo computerName="XENIOUS" outcome="Error" timestamp="2012-09-21T03:01:07.5925360+10:00">
        <Text>Test host process exited unexpectedly.</Text>
      </RunInfo>
    </RunInfos>
  </ResultSummary>
  <TestDefinitions>
    <UnitTest name="TestNegation" storage="c:\users\morphious\desktop\ewok.machine\ewok.machine.emu.lang.test\bin\debug\ewok.lang.test.dll" id="b9927f32-cda0-db75-0e8b-87ab650d827a">
      <Execution id="b802e9c7-3a34-4c7d-89e5-75cd5ea15492" />
      <TestMethod codeBase="C:/Users/Morphious/Desktop/Ewok.Machine/Ewok.Machine.Emu.Lang.Test/bin/Debug/Ewok.Lang.Test.DLL" adapterTypeName="Microsoft.VisualStudio.TestTools.TestTypes.Unit.UnitTestAdapter, Microsoft.VisualStudio.QualityTools.Tips.UnitTest.Adapter, Version=10.0.0.0, Culture=neutral, PublicKeyToken=b03f5f7f11d50a3a" className="Ewok.Lang.Test.Lang_6811, Ewok.Lang.Test, Version=1.0.0.0, Culture=neutral, PublicKeyToken=null" name="TestNegation" />
    </UnitTest>
    <UnitTest name="TestSubroutines" storage="c:\users\morphious\desktop\ewok.machine\ewok.machine.emu.lang.test\bin\debug\ewok.lang.test.dll" id="782bdfc9-8d74-34ac-8bfd-04daa972eddd">
      <Execution id="85c3cb11-dc90-4dde-baf9-f42bd749d24b" />
      <TestMethod codeBase="C:/Users/Morphious/Desktop/Ewok.Machine/Ewok.Machine.Emu.Lang.Test/bin/Debug/Ewok.Lang.Test.DLL" adapterTypeName="Microsoft.VisualStudio.TestTools.TestTypes.Unit.UnitTestAdapter, Microsoft.VisualStudio.QualityTools.Tips.UnitTest.Adapter, Version=10.0.0.0, Culture=neutral, PublicKeyToken=b03f5f7f11d50a3a" className="Ewok.Lang.Test.Lang_6811, Ewok.Lang.Test, Version=1.0.0.0, Culture=neutral, PublicKeyToken=null" name="TestSubroutines" />
    </UnitTest>
    <UnitTest name="TestJumping" storage="c:\users\morphious\desktop\ewok.machine\ewok.machine.emu.lang.test\bin\debug\ewok.lang.test.dll" id="d06a1aa4-2d1c-851a-72a4-3aa3d8922a30">
      <Execution id="57ae9272-2454-4f72-8ac1-524ec5c41bb2" />
      <TestMethod codeBase="C:/Users/Morphious/Desktop/Ewok.Machine/Ewok.Machine.Emu.Lang.Test/bin/Debug/Ewok.Lang.Test.DLL" adapterTypeName="Microsoft.VisualStudio.TestTools.TestTypes.Unit.UnitTestAdapter, Microsoft.VisualStudio.QualityTools.Tips.UnitTest.Adapter, Version=10.0.0.0, Culture=neutral, PublicKeyToken=b03f5f7f11d50a3a" className="Ewok.Lang.Test.Lang_6811, Ewok.Lang.Test, Version=1.0.0.0, Culture=neutral, PublicKeyToken=null" name="TestJumping" />
    </UnitTest>
    <UnitTest name="TestInterrupts" storage="c:\users\morphious\desktop\ewok.machine\ewok.machine.emu.lang.test\bin\debug\ewok.lang.test.dll" id="69198047-6440-1cd4-517e-1f4650bf925a">
      <Execution id="048fda3e-b0b6-4ca8-9a50-edeb9840fa9e" />
      <TestMethod codeBase="C:/Users/Morphious/Desktop/Ewok.Machine/Ewok.Machine.Emu.Lang.Test/bin/Debug/Ewok.Lang.Test.DLL" adapterTypeName="Microsoft.VisualStudio.TestTools.TestTypes.Unit.UnitTestAdapter, Microsoft.VisualStudio.QualityTools.Tips.UnitTest.Adapter, Version=10.0.0.0, Culture=neutral, PublicKeyToken=b03f5f7f11d50a3a" className="Ewok.Lang.Test.Lang_6811, Ewok.Lang.Test, Version=1.0.0.0, Culture=neutral, PublicKeyToken=null" name="TestInterrupts" />
    </UnitTest>
    <UnitTest name="TestLoadAccumulators" storage="c:\users\morphious\desktop\ewok.machine\ewok.machine.emu.lang.test\bin\debug\ewok.lang.test.dll" id="b9c0067a-4126-9aea-5754-0bf99f15bbe7">
      <Execution id="dc0aef10-c12d-45df-b4a8-78f0b6c6ba37" />
      <TestMethod codeBase="C:/Users/Morphious/Desktop/Ewok.Machine/Ewok.Machine.Emu.Lang.Test/bin/Debug/Ewok.Lang.Test.DLL" adapterTypeName="Microsoft.VisualStudio.TestTools.TestTypes.Unit.UnitTestAdapter, Microsoft.VisualStudio.QualityTools.Tips.UnitTest.Adapter, Version=10.0.0.0, Culture=neutral, PublicKeyToken=b03f5f7f11d50a3a" className="Ewok.Lang.Test.Lang_6811, Ewok.Lang.Test, Version=1.0.0.0, Culture=neutral, PublicKeyToken=null" name="TestLoadAccumulators" />
    </UnitTest>
    <UnitTest name="TestLoadIndexRegisters" storage="c:\users\morphious\desktop\ewok.machine\ewok.machine.emu.lang.test\bin\debug\ewok.lang.test.dll" id="0be6db12-fd7a-792c-a953-d369c4213215">
      <Execution id="99fc5b47-eab8-4e52-944e-cbae47100bbf" />
      <TestMethod codeBase="C:/Users/Morphious/Desktop/Ewok.Machine/Ewok.Machine.Emu.Lang.Test/bin/Debug/Ewok.Lang.Test.DLL" adapterTypeName="Microsoft.VisualStudio.TestTools.TestTypes.Unit.UnitTestAdapter, Microsoft.VisualStudio.QualityTools.Tips.UnitTest.Adapter, Version=10.0.0.0, Culture=neutral, PublicKeyToken=b03f5f7f11d50a3a" className="Ewok.Lang.Test.Lang_6811, Ewok.Lang.Test, Version=1.0.0.0, Culture=neutral, PublicKeyToken=null" name="TestLoadIndexRegisters" />
    </UnitTest>
    <UnitTest name="TestRAMOperations" storage="c:\users\morphious\desktop\ewok.machine\ewok.machine.emu.lang.test\bin\debug\ewok.lang.test.dll" id="22c13d98-ab81-f52d-893e-377b1c300f83">
      <Execution id="ff7e484b-f1f9-4ac8-baf9-ffbcd6ac64d3" />
      <TestMethod codeBase="C:/Users/Morphious/Desktop/Ewok.Machine/Ewok.Machine.Emu.Lang.Test/bin/Debug/Ewok.Lang.Test.DLL" adapterTypeName="Microsoft.VisualStudio.TestTools.TestTypes.Unit.UnitTestAdapter, Microsoft.VisualStudio.QualityTools.Tips.UnitTest.Adapter, Version=10.0.0.0, Culture=neutral, PublicKeyToken=b03f5f7f11d50a3a" className="Ewok.Lang.Test.Lang_6811, Ewok.Lang.Test, Version=1.0.0.0, Culture=neutral, PublicKeyToken=null" name="TestRAMOperations" />
    </UnitTest>
    <UnitTest name="TestSubtraction" storage="c:\users\morphious\desktop\ewok.machine\ewok.machine.emu.lang.test\bin\debug\ewok.lang.test.dll" id="01ecdc32-ebea-8a1d-2d95-b8121f3d911b">
      <Execution id="a272e6b4-29ae-4553-bac5-5c44e1e5fd4d" />
      <TestMethod codeBase="C:/Users/Morphious/Desktop/Ewok.Machine/Ewok.Machine.Emu.Lang.Test/bin/Debug/Ewok.Lang.Test.DLL" adapterTypeName="Microsoft.VisualStudio.TestTools.TestTypes.Unit.UnitTestAdapter, Microsoft.VisualStudio.QualityTools.Tips.UnitTest.Adapter, Version=10.0.0.0, Culture=neutral, PublicKeyToken=b03f5f7f11d50a3a" className="Ewok.Lang.Test.Lang_6811, Ewok.Lang.Test, Version=1.0.0.0, Culture=neutral, PublicKeyToken=null" name="TestSubtraction" />
    </UnitTest>
    <UnitTest name="TestAddition" storage="c:\users\morphious\desktop\ewok.machine\ewok.machine.emu.lang.test\bin\debug\ewok.lang.test.dll" id="87e98c1c-8de4-c15a-dd5d-ee3e8effbd88">
      <Execution id="2c6bbdf7-f49e-4c6a-ab69-82350ba2c305" />
      <TestMethod codeBase="C:/Users/Morphious/Desktop/Ewok.Machine/Ewok.Machine.Emu.Lang.Test/bin/Debug/Ewok.Lang.Test.DLL" adapterTypeName="Microsoft.VisualStudio.TestTools.TestTypes.Unit.UnitTestAdapter, Microsoft.VisualStudio.QualityTools.Tips.UnitTest.Adapter, Version=10.0.0.0, Culture=neutral, PublicKeyToken=b03f5f7f11d50a3a" className="Ewok.Lang.Test.Lang_6811, Ewok.Lang.Test, Version=1.0.0.0, Culture=neutral, PublicKeyToken=null" name="TestAddition" />
    </UnitTest>
    <UnitTest name="TestStackOperations" storage="c:\users\morphious\desktop\ewok.machine\ewok.machine.emu.lang.test\bin\debug\ewok.lang.test.dll" id="a1c85a3e-f83c-203f-656c-63047d98dd68">
      <Execution id="a4a660ad-fd8d-4100-b379-a5e6b3446144" />
      <TestMethod codeBase="C:/Users/Morphious/Desktop/Ewok.Machine/Ewok.Machine.Emu.Lang.Test/bin/Debug/Ewok.Lang.Test.DLL" adapterTypeName="Microsoft.VisualStudio.TestTools.TestTypes.Unit.UnitTestAdapter, Microsoft.VisualStudio.QualityTools.Tips.UnitTest.Adapter, Version=10.0.0.0, Culture=neutral, PublicKeyToken=b03f5f7f11d50a3a" className="Ewok.Lang.Test.Lang_6811, Ewok.Lang.Test, Version=1.0.0.0, Culture=neutral, PublicKeyToken=null" name="TestStackOperations" />
    </UnitTest>
  </TestDefinitions>
  <TestLists>
    <TestList name="Results Not in a List" id="8c84fa94-04c1-424b-9868-57a2d4851a1d" />
    <TestList name="All Loaded Results" id="19431567-8539-422a-85d7-44ee4e166bda" />
  </TestLists>
  <TestEntries>
    <TestEntry testId="b9c0067a-4126-9aea-5754-0bf99f15bbe7" executionId="dc0aef10-c12d-45df-b4a8-78f0b6c6ba37" testListId="8c84fa94-04c1-424b-9868-57a2d4851a1d" />
    <TestEntry testId="0be6db12-fd7a-792c-a953-d369c4213215" executionId="99fc5b47-eab8-4e52-944e-cbae47100bbf" testListId="8c84fa94-04c1-424b-9868-57a2d4851a1d" />
    <TestEntry testId="87e98c1c-8de4-c15a-dd5d-ee3e8effbd88" executionId="2c6bbdf7-f49e-4c6a-ab69-82350ba2c305" testListId="8c84fa94-04c1-424b-9868-57a2d4851a1d" />
    <TestEntry testId="01ecdc32-ebea-8a1d-2d95-b8121f3d911b" executionId="a272e6b4-29ae-4553-bac5-5c44e1e5fd4d" testListId="8c84fa94-04c1-424b-9868-57a2d4851a1d" />
    <TestEntry testId="b9927f32-cda0-db75-0e8b-87ab650d827a" executionId="b802e9c7-3a34-4c7d-89e5-75cd5ea15492" testListId="8c84fa94-04c1-424b-9868-57a2d4851a1d" />
    <TestEntry testId="d06a1aa4-2d1c-851a-72a4-3aa3d8922a30" executionId="57ae9272-2454-4f72-8ac1-524ec5c41bb2" testListId="8c84fa94-04c1-424b-9868-57a2d4851a1d" />
    <TestEntry testId="782bdfc9-8d74-34ac-8bfd-04daa972eddd" executionId="85c3cb11-dc90-4dde-baf9-f42bd749d24b" testListId="8c84fa94-04c1-424b-9868-57a2d4851a1d" />
    <TestEntry testId="a1c85a3e-f83c-203f-656c-63047d98dd68" executionId="a4a660ad-fd8d-4100-b379-a5e6b3446144" testListId="8c84fa94-04c1-424b-9868-57a2d4851a1d" />
    <TestEntry testId="22c13d98-ab81-f52d-893e-377b1c300f83" executionId="ff7e484b-f1f9-4ac8-baf9-ffbcd6ac64d3" testListId="8c84fa94-04c1-424b-9868-57a2d4851a1d" />
    <TestEntry testId="69198047-6440-1cd4-517e-1f4650bf925a" executionId="048fda3e-b0b6-4ca8-9a50-edeb9840fa9e" testListId="8c84fa94-04c1-424b-9868-57a2d4851a1d" />
  </TestEntries>
  <Results>
    <UnitTestResult executionId="dc0aef10-c12d-45df-b4a8-78f0b6c6ba37" testId="b9c0067a-4126-9aea-5754-0bf99f15bbe7" testName="TestLoadAccumulators" computerName="XENIOUS" duration="00:00:00.1511636" startTime="2012-09-21T03:00:18.4177233+10:00" endTime="2012-09-21T03:00:20.4168377+10:00" testType="13cdc9d9-ddb5-4fa4-a97d-d965ccfc6d4b" outcome="Passed" testListId="8c84fa94-04c1-424b-9868-57a2d4851a1d" relativeResultsDirectory="dc0aef10-c12d-45df-b4a8-78f0b6c6ba37">
    </UnitTestResult>
    <UnitTestResult executionId="99fc5b47-eab8-4e52-944e-cbae47100bbf" testId="0be6db12-fd7a-792c-a953-d369c4213215" testName="TestLoadIndexRegisters" computerName="XENIOUS" duration="00:00:00.1763336" startTime="2012-09-21T03:00:20.4378389+10:00" endTime="2012-09-21T03:00:20.6208493+10:00" testType="13cdc9d9-ddb5-4fa4-a97d-d965ccfc6d4b" outcome="Passed" testListId="8c84fa94-04c1-424b-9868-57a2d4851a1d" relativeResultsDirectory="99fc5b47-eab8-4e52-944e-cbae47100bbf">
    </UnitTestResult>
    <UnitTestResult executionId="2c6bbdf7-f49e-4c6a-ab69-82350ba2c305" testId="87e98c1c-8de4-c15a-dd5d-ee3e8effbd88" testName="TestAddition" computerName="XENIOUS" duration="00:00:00.1383310" startTime="2012-09-21T03:00:20.6428506+10:00" endTime="2012-09-21T03:00:20.7938592+10:00" testType="13cdc9d9-ddb5-4fa4-a97d-d965ccfc6d4b" outcome="Passed" testListId="8c84fa94-04c1-424b-9868-57a2d4851a1d" relativeResultsDirectory="2c6bbdf7-f49e-4c6a-ab69-82350ba2c305">
    </UnitTestResult>
    <UnitTestResult executionId="a272e6b4-29ae-4553-bac5-5c44e1e5fd4d" testId="01ecdc32-ebea-8a1d-2d95-b8121f3d911b" testName="TestSubtraction" computerName="XENIOUS" duration="00:00:00.0833786" startTime="2012-09-21T03:00:20.8118603+10:00" endTime="2012-09-21T03:00:20.9008653+10:00" testType="13cdc9d9-ddb5-4fa4-a97d-d965ccfc6d4b" outcome="Passed" testListId="8c84fa94-04c1-424b-9868-57a2d4851a1d" relativeResultsDirectory="a272e6b4-29ae-4553-bac5-5c44e1e5fd4d">
    </UnitTestResult>
    <UnitTestResult executionId="b802e9c7-3a34-4c7d-89e5-75cd5ea15492" testId="b9927f32-cda0-db75-0e8b-87ab650d827a" testName="TestNegation" computerName="XENIOUS" duration="00:00:00.0535289" startTime="2012-09-21T03:00:20.9118660+10:00" endTime="2012-09-21T03:00:20.9718694+10:00" testType="13cdc9d9-ddb5-4fa4-a97d-d965ccfc6d4b" outcome="Passed" testListId="8c84fa94-04c1-424b-9868-57a2d4851a1d" relativeResultsDirectory="b802e9c7-3a34-4c7d-89e5-75cd5ea15492">
    </UnitTestResult>
    <UnitTestResult executionId="57ae9272-2454-4f72-8ac1-524ec5c41bb2" testId="d06a1aa4-2d1c-851a-72a4-3aa3d8922a30" testName="TestJumping" computerName="XENIOUS" duration="00:00:00.1967433" startTime="2012-09-21T03:00:20.9908705+10:00" endTime="2012-09-21T03:00:21.1948822+10:00" testType="13cdc9d9-ddb5-4fa4-a97d-d965ccfc6d4b" outcome="Passed" testListId="8c84fa94-04c1-424b-9868-57a2d4851a1d" relativeResultsDirectory="57ae9272-2454-4f72-8ac1-524ec5c41bb2">
    </UnitTestResult>
    <UnitTestResult executionId="85c3cb11-dc90-4dde-baf9-f42bd749d24b" testId="782bdfc9-8d74-34ac-8bfd-04daa972eddd" testName="TestSubroutines" computerName="XENIOUS" duration="00:00:00.3231618" startTime="2012-09-21T03:00:21.2168834+10:00" endTime="2012-09-21T03:00:21.5489024+10:00" testType="13cdc9d9-ddb5-4fa4-a97d-d965ccfc6d4b" outcome="Passed" testListId="8c84fa94-04c1-424b-9868-57a2d4851a1d" relativeResultsDirectory="85c3cb11-dc90-4dde-baf9-f42bd749d24b">
    </UnitTestResult>
    <UnitTestResult executionId="a4a660ad-fd8d-4100-b379-a5e6b3446144" testId="a1c85a3e-f83c-203f-656c-63047d98dd68" testName="TestStackOperations" computerName="XENIOUS" duration="00:00:00.2270212" startTime="2012-09-21T03:00:21.5639033+10:00" endTime="2012-09-21T03:00:21.8049171+10:00" testType="13cdc9d9-ddb5-4fa4-a97d-d965ccfc6d4b" outcome="Passed" testListId="8c84fa94-04c1-424b-9868-57a2d4851a1d" relativeResultsDirectory="a4a660ad-fd8d-4100-b379-a5e6b3446144">
    </UnitTestResult>
    <UnitTestResult executionId="ff7e484b-f1f9-4ac8-baf9-ffbcd6ac64d3" testId="22c13d98-ab81-f52d-893e-377b1c300f83" testName="TestRAMOperations" computerName="XENIOUS" duration="00:00:45.7696179" startTime="2012-09-21T03:00:21.8249182+10:00" endTime="2012-09-21T03:01:07.5945361+10:00" testType="13cdc9d9-ddb5-4fa4-a97d-d965ccfc6d4b" outcome="Aborted" testListId="8c84fa94-04c1-424b-9868-57a2d4851a1d" relativeResultsDirectory="ff7e484b-f1f9-4ac8-baf9-ffbcd6ac64d3">
    </UnitTestResult>
    <UnitTestResult executionId="048fda3e-b0b6-4ca8-9a50-edeb9840fa9e" testId="69198047-6440-1cd4-517e-1f4650bf925a" testName="TestInterrupts" computerName="XENIOUS" testType="13cdc9d9-ddb5-4fa4-a97d-d965ccfc6d4b" outcome="NotExecuted" testListId="8c84fa94-04c1-424b-9868-57a2d4851a1d" relativeResultsDirectory="048fda3e-b0b6-4ca8-9a50-edeb9840fa9e">
    </UnitTestResult>
  </Results>
</TestRun>